Copyright 1986-2018 Xilinx, Inc. All Rights Reserved.
------------------------------------------------------------------------------------
| Tool Version : Vivado v.2018.3 (win64) Build 2405991 Thu Dec  6 23:38:27 MST 2018
| Date         : Sat Apr  8 12:47:47 2023
| Host         : DESKTOP-OTSQRGJ running 64-bit major release  (build 9200)
| Command      : report_control_sets -verbose -file sistema_control_sets_placed.rpt
| Design       : sistema
| Device       : xc7a35t
------------------------------------------------------------------------------------

Control Set Information

Table of Contents
-----------------
1. Summary
2. Histogram
3. Flip-Flop Distribution
4. Detailed Control Set Information

1. Summary
----------

+----------------------------------------------------------+-------+
|                          Status                          | Count |
+----------------------------------------------------------+-------+
| Number of unique control sets                            |    19 |
| Unused register locations in slices containing registers |    76 |
+----------------------------------------------------------+-------+


2. Histogram
------------

+--------+--------------+
| Fanout | Control Sets |
+--------+--------------+
|      1 |            6 |
|      2 |            1 |
|      3 |            1 |
|      4 |            1 |
|      6 |            1 |
|     10 |            2 |
|    16+ |            7 |
+--------+--------------+


3. Flip-Flop Distribution
-------------------------

+--------------+-----------------------+------------------------+-----------------+--------------+
| Clock Enable | Synchronous Set/Reset | Asynchronous Set/Reset | Total Registers | Total Slices |
+--------------+-----------------------+------------------------+-----------------+--------------+
| No           | No                    | No                     |              25 |           14 |
| No           | No                    | Yes                    |              12 |            6 |
| No           | Yes                   | No                     |              73 |           24 |
| Yes          | No                    | No                     |               0 |            0 |
| Yes          | No                    | Yes                    |              96 |           32 |
| Yes          | Yes                   | No                     |              70 |           18 |
+--------------+-----------------------+------------------------+-----------------+--------------+


4. Detailed Control Set Information
-----------------------------------

+----------------------------------------------------+--------------------------------------------------+-----------------------------------------------------+------------------+----------------+
|                    Clock Signal                    |                   Enable Signal                  |                   Set/Reset Signal                  | Slice Load Count | Bel Load Count |
+----------------------------------------------------+--------------------------------------------------+-----------------------------------------------------+------------------+----------------+
|  gestor_lectura_inst/FSM_onehot_actual_reg_n_1_[2] |                                                  |                                                     |                1 |              1 |
|  motor_stepper_inst/FINISHED_reg_i_1_n_1           |                                                  |                                                     |                1 |              1 |
|  n_0_121_BUFG                                      |                                                  |                                                     |                1 |              1 |
|  gestor_lectura_inst/START__0_n_1                  |                                                  |                                                     |                1 |              1 |
|  gestor_lectura_inst/READ_FIFO__0_n_1              |                                                  |                                                     |                1 |              1 |
|  gestor_lectura_inst/SENTIDO_reg_i_2_n_1           |                                                  |                                                     |                1 |              1 |
|  CLK_IBUF_BUFG                                     |                                                  |                                                     |                2 |              2 |
|  gestor_escritura_inst/futuro__0                   |                                                  |                                                     |                1 |              3 |
|  gestor_lectura_inst/futuro                        |                                                  |                                                     |                2 |              4 |
|  divisor_frecuencia_inst/CLK_SLOW                  | motor_stepper_inst/contador[0]_i_1_n_1           | debouncing_inst/RESET                               |                2 |              6 |
|  motor_stepper_inst/futuro                         |                                                  |                                                     |                3 |             10 |
|  divisor_frecuencia_inst/CLK_SLOW                  |                                                  | debouncing_inst/RESET                               |                2 |             10 |
|  CLK_IBUF_BUFG                                     |                                                  | debouncing_inst/contador_antirebotes[0]_i_1_n_1     |                8 |             32 |
|  CLK_IBUF_BUFG                                     | gestor_escritura_inst/FSM_onehot_actual_reg[2]_0 | debouncing_inst/RESET                               |                8 |             32 |
|  CLK_IBUF_BUFG                                     | n_0_121_BUFG                                     | debouncing_inst/RESET                               |               11 |             32 |
|  CLK_IBUF_BUFG                                     | debouncing_inst1/p_0_in                          | debouncing_inst1/contador_antirebotes[0]_i_1__0_n_1 |                8 |             32 |
|  CLK_IBUF_BUFG                                     | debouncing_inst2/p_0_in                          | debouncing_inst2/contador_antirebotes[0]_i_1__1_n_1 |                8 |             32 |
|  CLK_IBUF_BUFG                                     | gestor_lectura_inst/READ_FIFO                    | debouncing_inst/RESET                               |               13 |             32 |
|  CLK_IBUF_BUFG                                     |                                                  | debouncing_inst/RESET                               |               20 |             43 |
+----------------------------------------------------+--------------------------------------------------+-----------------------------------------------------+------------------+----------------+


